{"C:\\dev\\voice\\ask-community\\ask-community-decorators\\dist\\lib\\index.js":{"path":"C:\\dev\\voice\\ask-community\\ask-community-decorators\\dist\\lib\\index.js","s":{"1":1,"2":1,"3":1,"4":1,"5":1,"6":1,"7":1,"8":1,"9":1},"b":{},"f":{},"fnMap":{},"statementMap":{"1":{"start":{"line":2,"column":0},"end":{"line":2,"column":62}},"2":{"start":{"line":3,"column":0},"end":{"line":3,"column":78}},"3":{"start":{"line":4,"column":0},"end":{"line":4,"column":81}},"4":{"start":{"line":5,"column":0},"end":{"line":5,"column":78}},"5":{"start":{"line":6,"column":0},"end":{"line":6,"column":81}},"6":{"start":{"line":7,"column":0},"end":{"line":7,"column":90}},"7":{"start":{"line":8,"column":0},"end":{"line":8,"column":99}},"8":{"start":{"line":9,"column":0},"end":{"line":9,"column":88}},"9":{"start":{"line":10,"column":0},"end":{"line":10,"column":96}}},"branchMap":{}},"C:\\dev\\voice\\ask-community\\ask-community-decorators\\dist\\lib\\decorators\\CanHandleIntentRequest.js":{"path":"C:\\dev\\voice\\ask-community\\ask-community-decorators\\dist\\lib\\decorators\\CanHandleIntentRequest.js","s":{"1":1,"2":1,"3":3,"4":3,"5":3,"6":8,"7":8,"8":8,"9":3,"10":3,"11":8,"12":8,"13":8,"14":8,"15":3,"16":5,"17":5,"18":3,"19":1},"b":{"1":[3,5],"2":[8,8],"3":[3,5]},"f":{"1":3,"2":3,"3":8},"fnMap":{"1":{"name":"CanHandleIntentRequest","line":3,"loc":{"start":{"line":3,"column":0},"end":{"line":3,"column":48}}},"2":{"name":"(anonymous_2)","line":4,"loc":{"start":{"line":4,"column":11},"end":{"line":4,"column":46}}},"3":{"name":"(anonymous_3)","line":6,"loc":{"start":{"line":6,"column":27},"end":{"line":6,"column":51}}}},"statementMap":{"1":{"start":{"line":2,"column":0},"end":{"line":2,"column":62}},"2":{"start":{"line":3,"column":0},"end":{"line":25,"column":1}},"3":{"start":{"line":4,"column":4},"end":{"line":24,"column":6}},"4":{"start":{"line":5,"column":8},"end":{"line":5,"column":48}},"5":{"start":{"line":6,"column":8},"end":{"line":22,"column":10}},"6":{"start":{"line":7,"column":12},"end":{"line":7,"column":54}},"7":{"start":{"line":8,"column":12},"end":{"line":8,"column":50}},"8":{"start":{"line":9,"column":12},"end":{"line":12,"column":13}},"9":{"start":{"line":10,"column":16},"end":{"line":10,"column":75}},"10":{"start":{"line":11,"column":16},"end":{"line":11,"column":69}},"11":{"start":{"line":13,"column":12},"end":{"line":13,"column":65}},"12":{"start":{"line":14,"column":12},"end":{"line":14,"column":51}},"13":{"start":{"line":15,"column":12},"end":{"line":15,"column":113}},"14":{"start":{"line":17,"column":12},"end":{"line":19,"column":13}},"15":{"start":{"line":18,"column":16},"end":{"line":18,"column":29}},"16":{"start":{"line":20,"column":12},"end":{"line":20,"column":65}},"17":{"start":{"line":21,"column":12},"end":{"line":21,"column":26}},"18":{"start":{"line":23,"column":8},"end":{"line":23,"column":26}},"19":{"start":{"line":26,"column":0},"end":{"line":26,"column":56}}},"branchMap":{"1":{"line":9,"type":"if","locations":[{"start":{"line":9,"column":12},"end":{"line":9,"column":12}},{"start":{"line":9,"column":12},"end":{"line":9,"column":12}}]},"2":{"line":15,"type":"binary-expr","locations":[{"start":{"line":15,"column":30},"end":{"line":15,"column":62}},{"start":{"line":15,"column":67},"end":{"line":15,"column":111}}]},"3":{"line":17,"type":"if","locations":[{"start":{"line":17,"column":12},"end":{"line":17,"column":12}},{"start":{"line":17,"column":12},"end":{"line":17,"column":12}}]}}},"C:\\dev\\voice\\ask-community\\ask-community-decorators\\dist\\lib\\decorators\\CanHandleLaunchRequest.js":{"path":"C:\\dev\\voice\\ask-community\\ask-community-decorators\\dist\\lib\\decorators\\CanHandleLaunchRequest.js","s":{"1":1,"2":1,"3":1,"4":1,"5":1,"6":2,"7":2,"8":1,"9":1,"10":1,"11":1,"12":1},"b":{"1":[1,1]},"f":{"1":1,"2":1,"3":2},"fnMap":{"1":{"name":"CanHandleLaunchRequest","line":3,"loc":{"start":{"line":3,"column":0},"end":{"line":3,"column":34}}},"2":{"name":"(anonymous_2)","line":4,"loc":{"start":{"line":4,"column":11},"end":{"line":4,"column":46}}},"3":{"name":"(anonymous_3)","line":6,"loc":{"start":{"line":6,"column":27},"end":{"line":6,"column":51}}}},"statementMap":{"1":{"start":{"line":2,"column":0},"end":{"line":2,"column":62}},"2":{"start":{"line":3,"column":0},"end":{"line":17,"column":1}},"3":{"start":{"line":4,"column":4},"end":{"line":16,"column":6}},"4":{"start":{"line":5,"column":8},"end":{"line":5,"column":48}},"5":{"start":{"line":6,"column":8},"end":{"line":14,"column":10}},"6":{"start":{"line":7,"column":12},"end":{"line":7,"column":92}},"7":{"start":{"line":9,"column":12},"end":{"line":11,"column":13}},"8":{"start":{"line":10,"column":16},"end":{"line":10,"column":29}},"9":{"start":{"line":12,"column":12},"end":{"line":12,"column":65}},"10":{"start":{"line":13,"column":12},"end":{"line":13,"column":26}},"11":{"start":{"line":15,"column":8},"end":{"line":15,"column":26}},"12":{"start":{"line":18,"column":0},"end":{"line":18,"column":56}}},"branchMap":{"1":{"line":9,"type":"if","locations":[{"start":{"line":9,"column":12},"end":{"line":9,"column":12}},{"start":{"line":9,"column":12},"end":{"line":9,"column":12}}]}}},"C:\\dev\\voice\\ask-community\\ask-community-decorators\\dist\\lib\\decorators\\CanHandleSessionEndedRequest.js":{"path":"C:\\dev\\voice\\ask-community\\ask-community-decorators\\dist\\lib\\decorators\\CanHandleSessionEndedRequest.js","s":{"1":1,"2":1,"3":1,"4":1,"5":1,"6":2,"7":2,"8":1,"9":1,"10":1,"11":1,"12":1},"b":{"1":[1,1]},"f":{"1":1,"2":1,"3":2},"fnMap":{"1":{"name":"CanHandleSessionEndedRequest","line":3,"loc":{"start":{"line":3,"column":0},"end":{"line":3,"column":40}}},"2":{"name":"(anonymous_2)","line":4,"loc":{"start":{"line":4,"column":11},"end":{"line":4,"column":46}}},"3":{"name":"(anonymous_3)","line":6,"loc":{"start":{"line":6,"column":27},"end":{"line":6,"column":51}}}},"statementMap":{"1":{"start":{"line":2,"column":0},"end":{"line":2,"column":62}},"2":{"start":{"line":3,"column":0},"end":{"line":17,"column":1}},"3":{"start":{"line":4,"column":4},"end":{"line":16,"column":6}},"4":{"start":{"line":5,"column":8},"end":{"line":5,"column":48}},"5":{"start":{"line":6,"column":8},"end":{"line":14,"column":10}},"6":{"start":{"line":7,"column":12},"end":{"line":7,"column":98}},"7":{"start":{"line":9,"column":12},"end":{"line":11,"column":13}},"8":{"start":{"line":10,"column":16},"end":{"line":10,"column":29}},"9":{"start":{"line":12,"column":12},"end":{"line":12,"column":65}},"10":{"start":{"line":13,"column":12},"end":{"line":13,"column":26}},"11":{"start":{"line":15,"column":8},"end":{"line":15,"column":26}},"12":{"start":{"line":18,"column":0},"end":{"line":18,"column":68}}},"branchMap":{"1":{"line":9,"type":"if","locations":[{"start":{"line":9,"column":12},"end":{"line":9,"column":12}},{"start":{"line":9,"column":12},"end":{"line":9,"column":12}}]}}},"C:\\dev\\voice\\ask-community\\ask-community-decorators\\dist\\lib\\decorators\\CanHandleSkillEventRequests.js":{"path":"C:\\dev\\voice\\ask-community\\ask-community-decorators\\dist\\lib\\decorators\\CanHandleSkillEventRequests.js","s":{"1":1,"2":1,"3":1,"4":1,"5":1,"6":6,"7":6,"8":6,"9":1,"10":5,"11":5,"12":1,"13":1},"b":{"1":[1,5]},"f":{"1":1,"2":1,"3":6},"fnMap":{"1":{"name":"CanHandleSkillEventRequests","line":3,"loc":{"start":{"line":3,"column":0},"end":{"line":3,"column":39}}},"2":{"name":"(anonymous_2)","line":4,"loc":{"start":{"line":4,"column":11},"end":{"line":4,"column":46}}},"3":{"name":"(anonymous_3)","line":6,"loc":{"start":{"line":6,"column":27},"end":{"line":6,"column":51}}}},"statementMap":{"1":{"start":{"line":2,"column":0},"end":{"line":2,"column":62}},"2":{"start":{"line":3,"column":0},"end":{"line":18,"column":1}},"3":{"start":{"line":4,"column":4},"end":{"line":17,"column":6}},"4":{"start":{"line":5,"column":8},"end":{"line":5,"column":48}},"5":{"start":{"line":6,"column":8},"end":{"line":15,"column":10}},"6":{"start":{"line":7,"column":12},"end":{"line":7,"column":54}},"7":{"start":{"line":8,"column":12},"end":{"line":8,"column":103}},"8":{"start":{"line":10,"column":12},"end":{"line":12,"column":13}},"9":{"start":{"line":11,"column":16},"end":{"line":11,"column":29}},"10":{"start":{"line":13,"column":12},"end":{"line":13,"column":65}},"11":{"start":{"line":14,"column":12},"end":{"line":14,"column":26}},"12":{"start":{"line":16,"column":8},"end":{"line":16,"column":26}},"13":{"start":{"line":19,"column":0},"end":{"line":19,"column":66}}},"branchMap":{"1":{"line":10,"type":"if","locations":[{"start":{"line":10,"column":12},"end":{"line":10,"column":12}},{"start":{"line":10,"column":12},"end":{"line":10,"column":12}}]}}}}