TN:
SF:C:\dev\voice\ask-community\ask-community-decorators\dist\lib\index.js
FNF:0
FNH:0
DA:2,1
DA:3,1
DA:4,1
DA:5,1
DA:6,1
DA:7,1
DA:8,1
DA:9,1
DA:10,1
LF:9
LH:9
BRF:0
BRH:0
end_of_record
TN:
SF:C:\dev\voice\ask-community\ask-community-decorators\dist\lib\decorators\CanHandleIntentRequest.js
FN:3,CanHandleIntentRequest
FN:4,(anonymous_2)
FN:6,(anonymous_3)
FNF:3
FNH:3
FNDA:3,CanHandleIntentRequest
FNDA:3,(anonymous_2)
FNDA:8,(anonymous_3)
DA:2,1
DA:3,1
DA:4,3
DA:5,3
DA:6,3
DA:7,8
DA:8,8
DA:9,8
DA:10,3
DA:11,3
DA:13,8
DA:14,8
DA:15,8
DA:17,8
DA:18,3
DA:20,5
DA:21,5
DA:23,3
DA:26,1
LF:19
LH:19
BRDA:9,1,0,3
BRDA:9,1,1,5
BRDA:15,2,0,8
BRDA:15,2,1,8
BRDA:17,3,0,3
BRDA:17,3,1,5
BRF:6
BRH:6
end_of_record
TN:
SF:C:\dev\voice\ask-community\ask-community-decorators\dist\lib\decorators\CanHandleLaunchRequest.js
FN:3,CanHandleLaunchRequest
FN:4,(anonymous_2)
FN:6,(anonymous_3)
FNF:3
FNH:3
FNDA:1,CanHandleLaunchRequest
FNDA:1,(anonymous_2)
FNDA:2,(anonymous_3)
DA:2,1
DA:3,1
DA:4,1
DA:5,1
DA:6,1
DA:7,2
DA:9,2
DA:10,1
DA:12,1
DA:13,1
DA:15,1
DA:18,1
LF:12
LH:12
BRDA:9,1,0,1
BRDA:9,1,1,1
BRF:2
BRH:2
end_of_record
TN:
SF:C:\dev\voice\ask-community\ask-community-decorators\dist\lib\decorators\CanHandleSessionEndedRequest.js
FN:3,CanHandleSessionEndedRequest
FN:4,(anonymous_2)
FN:6,(anonymous_3)
FNF:3
FNH:3
FNDA:1,CanHandleSessionEndedRequest
FNDA:1,(anonymous_2)
FNDA:2,(anonymous_3)
DA:2,1
DA:3,1
DA:4,1
DA:5,1
DA:6,1
DA:7,2
DA:9,2
DA:10,1
DA:12,1
DA:13,1
DA:15,1
DA:18,1
LF:12
LH:12
BRDA:9,1,0,1
BRDA:9,1,1,1
BRF:2
BRH:2
end_of_record
TN:
SF:C:\dev\voice\ask-community\ask-community-decorators\dist\lib\decorators\CanHandleSkillEventRequests.js
FN:3,CanHandleSkillEventRequests
FN:4,(anonymous_2)
FN:6,(anonymous_3)
FNF:3
FNH:3
FNDA:1,CanHandleSkillEventRequests
FNDA:1,(anonymous_2)
FNDA:6,(anonymous_3)
DA:2,1
DA:3,1
DA:4,1
DA:5,1
DA:6,1
DA:7,6
DA:8,6
DA:10,6
DA:11,1
DA:13,5
DA:14,5
DA:16,1
DA:19,1
LF:13
LH:13
BRDA:10,1,0,1
BRDA:10,1,1,5
BRF:2
BRH:2
end_of_record
